This is pdfTeX, Version 3.14159265-2.6-1.40.15 (TeX Live 2014) (preloaded format=pdflatex 2014.8.13)  12 JUN 2015 02:59
entering extended mode
 \write18 enabled.
 file:line:error style messages enabled.
 %&-line parsing enabled.
**/Users/apple/popgen-notes/TSWLatexianTemp_000066.tex
(/Users/apple/popgen-notes/TSWLatexianTemp_000066.tex
LaTeX2e <2014/05/01>
Babel <3.9k> and hyphenation patterns for 78 languages loaded.
(/usr/local/texlive/2014/texmf-dist/tex/latex/base/article.cls
Document Class: article 2007/10/19 v1.4h Standard LaTeX document class
(/usr/local/texlive/2014/texmf-dist/tex/latex/base/size12.clo
File: size12.clo 2007/10/19 v1.4h Standard LaTeX file (size option)
)
\c@part=\count79
\c@section=\count80
\c@subsection=\count81
\c@subsubsection=\count82
\c@paragraph=\count83
\c@subparagraph=\count84
\c@figure=\count85
\c@table=\count86
\abovecaptionskip=\skip41
\belowcaptionskip=\skip42
\bibindent=\dimen102
) (/usr/local/texlive/2014/texmf-dist/tex/latex/natbib/natbib.sty
Package: natbib 2010/09/13 8.31b (PWD, AO)
\bibhang=\skip43
\bibsep=\skip44
LaTeX Info: Redefining \cite on input line 694.
\c@NAT@ctr=\count87
) (/usr/local/texlive/2014/texmf-dist/tex/latex/amsfonts/amsfonts.sty
Package: amsfonts 2013/01/14 v3.01 Basic AMSFonts support
\@emptytoks=\toks14
\symAMSa=\mathgroup4
\symAMSb=\mathgroup5
LaTeX Font Info:    Overwriting math alphabet `\mathfrak' in version `bold'
(Font)                  U/euf/m/n --> U/euf/b/n on input line 106.
) (/usr/local/texlive/2014/texmf-dist/tex/latex/amsmath/amsmath.sty
Package: amsmath 2013/01/14 v2.14 AMS math features
\@mathmargin=\skip45

For additional information on amsmath, use the `?' option.
(/usr/local/texlive/2014/texmf-dist/tex/latex/amsmath/amstext.sty
Package: amstext 2000/06/29 v2.01
 (/usr/local/texlive/2014/texmf-dist/tex/latex/amsmath/amsgen.sty
File: amsgen.sty 1999/11/30 v2.0
\@emptytoks=\toks15
\ex@=\dimen103
)) (/usr/local/texlive/2014/texmf-dist/tex/latex/amsmath/amsbsy.sty
Package: amsbsy 1999/11/29 v1.2d
\pmbraise@=\dimen104
) (/usr/local/texlive/2014/texmf-dist/tex/latex/amsmath/amsopn.sty
Package: amsopn 1999/12/14 v2.01 operator names
)
\inf@bad=\count88
LaTeX Info: Redefining \frac on input line 210.
\uproot@=\count89
\leftroot@=\count90
LaTeX Info: Redefining \overline on input line 306.
\classnum@=\count91
\DOTSCASE@=\count92
LaTeX Info: Redefining \ldots on input line 378.
LaTeX Info: Redefining \dots on input line 381.
LaTeX Info: Redefining \cdots on input line 466.
\Mathstrutbox@=\box26
\strutbox@=\box27
\big@size=\dimen105
LaTeX Font Info:    Redeclaring font encoding OML on input line 566.
LaTeX Font Info:    Redeclaring font encoding OMS on input line 567.
\macc@depth=\count93
\c@MaxMatrixCols=\count94
\dotsspace@=\muskip10
\c@parentequation=\count95
\dspbrk@lvl=\count96
\tag@help=\toks16
\row@=\count97
\column@=\count98
\maxfields@=\count99
\andhelp@=\toks17
\eqnshift@=\dimen106
\alignsep@=\dimen107
\tagshift@=\dimen108
\tagwidth@=\dimen109
\totwidth@=\dimen110
\lineht@=\dimen111
\@envbody=\toks18
\multlinegap=\skip46
\multlinetaggap=\skip47
\mathdisplay@stack=\toks19
LaTeX Info: Redefining \[ on input line 2665.
LaTeX Info: Redefining \] on input line 2666.
) (/usr/local/texlive/2014/texmf-dist/tex/latex/amsfonts/amssymb.sty
Package: amssymb 2013/01/14 v3.01 AMS font symbols
) (/usr/local/texlive/2014/texmf-dist/tex/latex/graphics/graphicx.sty
Package: graphicx 2014/04/25 v1.0g Enhanced LaTeX Graphics (DPC,SPQR)
 (/usr/local/texlive/2014/texmf-dist/tex/latex/graphics/keyval.sty
Package: keyval 2014/05/08 v1.15 key=value parser (DPC)
\KV@toks@=\toks20
) (/usr/local/texlive/2014/texmf-dist/tex/latex/graphics/graphics.sty
Package: graphics 2009/02/05 v1.0o Standard LaTeX Graphics (DPC,SPQR)
 (/usr/local/texlive/2014/texmf-dist/tex/latex/graphics/trig.sty
Package: trig 1999/03/16 v1.09 sin cos tan (DPC)
) (/usr/local/texlive/2014/texmf-dist/tex/latex/latexconfig/graphics.cfg
File: graphics.cfg 2010/04/23 v1.9 graphics configuration of TeX Live
)
Package graphics Info: Driver file: pdftex.def on input line 91.
 (/usr/local/texlive/2014/texmf-dist/tex/latex/pdftex-def/pdftex.def
File: pdftex.def 2011/05/27 v0.06d Graphics/color for pdfTeX
 (/usr/local/texlive/2014/texmf-dist/tex/generic/oberdiek/infwarerr.sty
Package: infwarerr 2010/04/08 v1.3 Providing info/warning/error messages (HO)
) (/usr/local/texlive/2014/texmf-dist/tex/generic/oberdiek/ltxcmds.sty
Package: ltxcmds 2011/11/09 v1.22 LaTeX kernel commands for general use (HO)
)
\Gread@gobject=\count100
))
\Gin@req@height=\dimen112
\Gin@req@width=\dimen113
) (/usr/local/texlive/2014/texmf-dist/tex/latex/rotating/rotating.sty
Package: rotating 2009/03/28 v2.16a rotated objects in LaTeX
 (/usr/local/texlive/2014/texmf-dist/tex/latex/base/ifthen.sty
Package: ifthen 2001/05/26 v1.1c Standard LaTeX ifthen package (DPC)
)
\c@r@tfl@t=\count101
\rotFPtop=\skip48
\rotFPbot=\skip49
\rot@float@box=\box28
\rot@mess@toks=\toks21
) (/usr/local/texlive/2014/texmf-dist/tex/latex/marginnote/marginnote.sty
Package: marginnote 2012/03/29 v1.1i non floating margin notes for LaTeX
\c@mn@abspage=\count102
) (/usr/local/texlive/2014/texmf-dist/tex/latex/graphics/color.sty
Package: color 2014/04/23 v1.1a Standard LaTeX Color (DPC)
 (/usr/local/texlive/2014/texmf-dist/tex/latex/latexconfig/color.cfg
File: color.cfg 2007/01/18 v1.5 color configuration of teTeX/TeXLive
)
Package color Info: Driver file: pdftex.def on input line 137.
) (/usr/local/texlive/2014/texmf-dist/tex/latex/preprint/fullpage.sty
Package: fullpage 1999/02/23 1.1 (PWD)
\FP@margin=\skip50
) (/usr/local/texlive/2014/texmf-dist/tex/generic/ulem/ulem.sty
\UL@box=\box29
\UL@hyphenbox=\box30
\UL@skip=\skip51
\UL@hook=\toks22
\UL@height=\dimen114
\UL@pe=\count103
\UL@pixel=\dimen115
\ULC@box=\box31
Package: ulem 2012/05/18
\ULdepth=\dimen116
) (./TSWLatexianTemp_000066.aux)
\openout1 = `TSWLatexianTemp_000066.aux'.

LaTeX Font Info:    Checking defaults for OML/cmm/m/it on input line 32.
LaTeX Font Info:    ... okay on input line 32.
LaTeX Font Info:    Checking defaults for T1/cmr/m/n on input line 32.
LaTeX Font Info:    ... okay on input line 32.
LaTeX Font Info:    Checking defaults for OT1/cmr/m/n on input line 32.
LaTeX Font Info:    ... okay on input line 32.
LaTeX Font Info:    Checking defaults for OMS/cmsy/m/n on input line 32.
LaTeX Font Info:    ... okay on input line 32.
LaTeX Font Info:    Checking defaults for OMX/cmex/m/n on input line 32.
LaTeX Font Info:    ... okay on input line 32.
LaTeX Font Info:    Checking defaults for U/cmr/m/n on input line 32.
LaTeX Font Info:    ... okay on input line 32.
 (/usr/local/texlive/2014/texmf-dist/tex/context/base/supp-pdf.mkii
[Loading MPS to PDF converter (version 2006.09.02).]
\scratchcounter=\count104
\scratchdimen=\dimen117
\scratchbox=\box32
\nofMPsegments=\count105
\nofMParguments=\count106
\everyMPshowfont=\toks23
\MPscratchCnt=\count107
\MPscratchDim=\dimen118
\MPnumerator=\count108
\makeMPintoPDFobject=\count109
\everyMPtoPDFconversion=\toks24
) (/usr/local/texlive/2014/texmf-dist/tex/generic/oberdiek/pdftexcmds.sty
Package: pdftexcmds 2011/11/29 v0.20 Utility functions of pdfTeX for LuaTeX (HO)
 (/usr/local/texlive/2014/texmf-dist/tex/generic/oberdiek/ifluatex.sty
Package: ifluatex 2010/03/01 v1.3 Provides the ifluatex switch (HO)
Package ifluatex Info: LuaTeX not detected.
) (/usr/local/texlive/2014/texmf-dist/tex/generic/oberdiek/ifpdf.sty
Package: ifpdf 2011/01/30 v2.3 Provides the ifpdf switch (HO)
Package ifpdf Info: pdfTeX in PDF mode is detected.
)
Package pdftexcmds Info: LuaTeX not detected.
Package pdftexcmds Info: \pdf@primitive is available.
Package pdftexcmds Info: \pdf@ifprimitive is available.
Package pdftexcmds Info: \pdfdraftmode found.
) (/usr/local/texlive/2014/texmf-dist/tex/latex/oberdiek/epstopdf-base.sty
Package: epstopdf-base 2010/02/09 v2.5 Base part for package epstopdf
 (/usr/local/texlive/2014/texmf-dist/tex/latex/oberdiek/grfext.sty
Package: grfext 2010/08/19 v1.1 Manage graphics extensions (HO)
 (/usr/local/texlive/2014/texmf-dist/tex/generic/oberdiek/kvdefinekeys.sty
Package: kvdefinekeys 2011/04/07 v1.3 Define keys (HO)
)) (/usr/local/texlive/2014/texmf-dist/tex/latex/oberdiek/kvoptions.sty
Package: kvoptions 2011/06/30 v3.11 Key value format for package options (HO)
 (/usr/local/texlive/2014/texmf-dist/tex/generic/oberdiek/kvsetkeys.sty
Package: kvsetkeys 2012/04/25 v1.16 Key value parser (HO)
 (/usr/local/texlive/2014/texmf-dist/tex/generic/oberdiek/etexcmds.sty
Package: etexcmds 2011/02/16 v1.5 Avoid name clashes with e-TeX commands (HO)
Package etexcmds Info: Could not find \expanded.
(etexcmds)             That can mean that you are not using pdfTeX 1.50 or
(etexcmds)             that some package has redefined \expanded.
(etexcmds)             In the latter case, load this package earlier.
)))
Package grfext Info: Graphics extension search list:
(grfext)             [.png,.pdf,.jpg,.mps,.jpeg,.jbig2,.jb2,.PNG,.PDF,.JPG,.JPEG,.JBIG2,.JB2,.eps]
(grfext)             \AppendGraphicsExtensions on input line 452.
 (/usr/local/texlive/2014/texmf-dist/tex/latex/latexconfig/epstopdf-sys.cfg
File: epstopdf-sys.cfg 2010/07/13 v1.3 Configuration of (r)epstopdf for TeX Live
))
Package marginnote Info: \pdfoutput not 0 and \pdflastxpos available.
(marginnote)             Extended position detection mode activated.
LaTeX Font Info:    Try loading font information for U+msa on input line 45.
 (/usr/local/texlive/2014/texmf-dist/tex/latex/amsfonts/umsa.fd
File: umsa.fd 2013/01/14 v3.01 AMS symbols A
)
LaTeX Font Info:    Try loading font information for U+msb on input line 45.
 (/usr/local/texlive/2014/texmf-dist/tex/latex/amsfonts/umsb.fd
File: umsb.fd 2013/01/14 v3.01 AMS symbols B
) [1

{/usr/local/texlive/2014/texmf-var/fonts/map/pdftex/updmap/pdftex.map}] (./TSWLatexianTemp_000066.toc [1])
\tf@toc=\write3
\openout3 = `TSWLatexianTemp_000066.toc'.

 [2]
Package epstopdf Info: Source file: <Figs/CEU_YRI_separately_HWE.eps>
(epstopdf)                    date: 2015-06-12 01:31:01
(epstopdf)                    size: 1879140 bytes
(epstopdf)             Output file: <Figs/CEU_YRI_separately_HWE-eps-converted-to.pdf>
(epstopdf)                    date: 2015-06-12 01:31:01
(epstopdf)                    size: 1391959 bytes
(epstopdf)             Command: <epstopdf --outfile=Figs/CEU_YRI_separately_HWE-eps-converted-to.pdf Figs/CEU_YRI_separately_HWE.eps>
(epstopdf)             \includegraphics on input line 86.
Package epstopdf Info: Output file is already uptodate.
 <Figs/CEU_YRI_separately_HWE-eps-converted-to.pdf, id=18, 863.225pt x 521.95pt>
File: Figs/CEU_YRI_separately_HWE-eps-converted-to.pdf Graphic file (type pdf)
 <use Figs/CEU_YRI_separately_HWE-eps-converted-to.pdf>
Package pdftex.def Info: Figs/CEU_YRI_separately_HWE-eps-converted-to.pdf used on input line 86.
(pdftex.def)             Requested size: 375.80544pt x 227.22958pt.
Package epstopdf Info: Source file: <Figs/CEU_YRI_together_HWE.eps>
(epstopdf)                    date: 2015-06-12 01:31:01
(epstopdf)                    size: 946447 bytes
(epstopdf)             Output file: <Figs/CEU_YRI_together_HWE-eps-converted-to.pdf>
(epstopdf)                    date: 2015-06-12 01:31:01
(epstopdf)                    size: 1136669 bytes
(epstopdf)             Command: <epstopdf --outfile=Figs/CEU_YRI_together_HWE-eps-converted-to.pdf Figs/CEU_YRI_together_HWE.eps>
(epstopdf)             \includegraphics on input line 93.
Package epstopdf Info: Output file is already uptodate.
 <Figs/CEU_YRI_together_HWE-eps-converted-to.pdf, id=19, 629.35126pt x 521.95pt>
File: Figs/CEU_YRI_together_HWE-eps-converted-to.pdf Graphic file (type pdf)
 <use Figs/CEU_YRI_together_HWE-eps-converted-to.pdf>
Package pdftex.def Info: Figs/CEU_YRI_together_HWE-eps-converted-to.pdf used on input line 93.
(pdftex.def)             Requested size: 234.8775pt x 194.79097pt.

Underfull \hbox (badness 10000) in paragraph at lines 102--106

 []


Underfull \hbox (badness 10000) in paragraph at lines 107--111

 []

[3] [4 <./Figs/CEU_YRI_separately_HWE-eps-converted-to.pdf> <./Figs/CEU_YRI_together_HWE-eps-converted-to.pdf>]
Underfull \hbox (badness 10000) in paragraph at lines 118--120

 []


Underfull \hbox (badness 10000) in paragraph at lines 141--144

 []


Underfull \hbox (badness 10000) in paragraph at lines 145--154

 []


Underfull \hbox (badness 10000) in paragraph at lines 156--161

 []

[5]
Underfull \hbox (badness 10000) in paragraph at lines 176--180

 []


Underfull \hbox (badness 10000) in paragraph at lines 194--199

 []


Underfull \hbox (badness 10000) in paragraph at lines 213--217

 []

[6]
Underfull \hbox (badness 10000) in paragraph at lines 226--235

 []

[7]
Underfull \hbox (badness 10000) in paragraph at lines 272--277

 []


Underfull \hbox (badness 10000) in paragraph at lines 284--287

 []


Underfull \hbox (badness 10000) in paragraph at lines 296--303

 []

[8]
Missing character: There is no ‚ in font cmr12!
Missing character: There is no Ä in font cmr12!
Missing character: There is no ú in font cmr12!
Missing character: There is no ‚ in font cmr12!
Missing character: There is no Ä in font cmr12!
Missing character: There is no ù in font cmr12!

Underfull \hbox (badness 10000) in paragraph at lines 343--346

 []


Underfull \hbox (badness 10000) in paragraph at lines 347--351

 []


Underfull \hbox (badness 10000) in paragraph at lines 352--357

 []


Underfull \hbox (badness 10000) in paragraph at lines 358--365

 []


Underfull \hbox (badness 10000) in paragraph at lines 366--370

 []

[9] [10]
Underfull \hbox (badness 10000) in paragraph at lines 469--475

 []


Underfull \hbox (badness 10000) in paragraph at lines 479--483

 []

[11]
Underfull \hbox (badness 10000) in paragraph at lines 513--521

 []

[12]
Underfull \hbox (badness 10000) in paragraph at lines 549--552

 []


Underfull \hbox (badness 10000) in paragraph at lines 556--561

 []

[13] [14] [15] [16]
LaTeX Font Info:    Try loading font information for OMS+cmr on input line 790.
 (/usr/local/texlive/2014/texmf-dist/tex/latex/base/omscmr.fd
File: omscmr.fd 1999/05/25 v2.5h Standard LaTeX font definitions
)
LaTeX Font Info:    Font shape `OMS/cmr/m/n' in size <12> not available
(Font)              Font shape `OMS/cmsy/m/n' tried instead on input line 790.
 [17] [18]
Overfull \hbox (7.15468pt too wide) in paragraph at lines 842--842
[]\OT1/cmr/bx/n/17.28 Correlations be-tween loci, link-age dis-e-qui-lib-rium, and
 []


Underfull \hbox (badness 10000) in paragraph at lines 846--851

 []


Underfull \hbox (badness 10000) in paragraph at lines 853--869

 []


Underfull \hbox (badness 10000) in paragraph at lines 892--905

 []

[19]
Underfull \hbox (badness 10000) in paragraph at lines 909--913

 []


Underfull \hbox (badness 10000) in paragraph at lines 927--928

 []


Underfull \hbox (badness 10000) in paragraph at lines 929--930

 []


Underfull \hbox (badness 10000) in paragraph at lines 943--948

 []

[20]
Underfull \hbox (badness 10000) in paragraph at lines 973--974

 []


Underfull \hbox (badness 10000) in paragraph at lines 977--979

 []

[21]
Underfull \hbox (badness 10000) in paragraph at lines 1003--1007

 []


Underfull \hbox (badness 10000) in paragraph at lines 1018--1023

 []


Underfull \hbox (badness 10000) in paragraph at lines 1030--1043

 []

Package epstopdf Info: Source file: <Figs/QT1.eps>
(epstopdf)                    date: 2015-06-12 01:31:01
(epstopdf)                    size: 94524 bytes
(epstopdf)             Output file: <Figs/QT1-eps-converted-to.pdf>
(epstopdf)                    date: 2015-06-12 01:31:01
(epstopdf)                    size: 25864 bytes
(epstopdf)             Command: <epstopdf --outfile=Figs/QT1-eps-converted-to.pdf Figs/QT1.eps>
(epstopdf)             \includegraphics on input line 1046.
Package epstopdf Info: Output file is already uptodate.
<Figs/QT1-eps-converted-to.pdf, id=107, 1344.02126pt x 521.95pt>
File: Figs/QT1-eps-converted-to.pdf Graphic file (type pdf)
 <use Figs/QT1-eps-converted-to.pdf>
Package pdftex.def Info: Figs/QT1-eps-converted-to.pdf used on input line 1046.
(pdftex.def)             Requested size: 375.80544pt x 145.93793pt.

Underfull \hbox (badness 10000) in paragraph at lines 1056--1061

 []

[22]
Underfull \hbox (badness 10000) in paragraph at lines 1078--1082

 []


Underfull \hbox (badness 10000) in paragraph at lines 1086--1090

 []

[23 <./Figs/QT1-eps-converted-to.pdf>]
Underfull \hbox (badness 10000) in paragraph at lines 1100--1103

 []


Underfull \hbox (badness 10000) in paragraph at lines 1105--1112

 []


Underfull \hbox (badness 10000) in paragraph at lines 1117--1126

 []


Underfull \hbox (badness 10000) in paragraph at lines 1127--1136

 []


Underfull \hbox (badness 10000) in paragraph at lines 1143--1146

 []

[24]
Overfull \hbox (47.4406pt too wide) in paragraph at lines 1149--1151
[]\OT1/cmr/m/n/12 that we can ig-nore the co-vari-ance of the en-vi-ron-ments be-tween in-di-vid-u-als (i.e. $\OML/cmm/m/it/12 Cov\OT1/cmr/m/n/12 (\OML/cmm/m/it/12 X[]; X[]\OT1/cmr/m/n/12 ) =
 []


Underfull \hbox (badness 10000) in paragraph at lines 1164--1171

 []


Underfull \hbox (badness 10000) in paragraph at lines 1185--1191

 []


Underfull \hbox (badness 10000) in paragraph at lines 1192--1203

 []

[25]
Underfull \hbox (badness 10000) in paragraph at lines 1219--1228

 []


Underfull \hbox (badness 10000) in paragraph at lines 1241--1246

 []

Package epstopdf Info: Source file: <Figs/QT2.eps>
(epstopdf)                    date: 2015-06-12 01:31:01
(epstopdf)                    size: 80225 bytes
(epstopdf)             Output file: <Figs/QT2-eps-converted-to.pdf>
(epstopdf)                    date: 2015-06-12 01:31:01
(epstopdf)                    size: 192527 bytes
(epstopdf)             Command: <epstopdf --outfile=Figs/QT2-eps-converted-to.pdf Figs/QT2.eps>
(epstopdf)             \includegraphics on input line 1255.
Package epstopdf Info: Output file is already uptodate.
<Figs/QT2-eps-converted-to.pdf, id=133, 1119.18124pt x 665.48625pt>
File: Figs/QT2-eps-converted-to.pdf Graphic file (type pdf)
 <use Figs/QT2-eps-converted-to.pdf>
Package pdftex.def Info: Figs/QT2-eps-converted-to.pdf used on input line 1255.
(pdftex.def)             Requested size: 375.80544pt x 223.45969pt.

Underfull \hbox (badness 10000) in paragraph at lines 1266--1271

 []

[26] [27 <./Figs/QT2-eps-converted-to.pdf>]
Underfull \hbox (badness 10000) in paragraph at lines 1355--1360

 []


Underfull \hbox (badness 10000) in paragraph at lines 1361--1371

 []

[28]
Underfull \hbox (badness 10000) in paragraph at lines 1372--1379

 []


Underfull \hbox (badness 10000) in paragraph at lines 1403--1411

 []


Underfull \hbox (badness 10000) in paragraph at lines 1415--1420

 []

Package epstopdf Info: Source file: <Figs/QT3.eps>
(epstopdf)                    date: 2015-06-12 01:31:01
(epstopdf)                    size: 13837 bytes
(epstopdf)             Output file: <Figs/QT3-eps-converted-to.pdf>
(epstopdf)                    date: 2015-06-12 01:31:01
(epstopdf)                    size: 15077 bytes
(epstopdf)             Command: <epstopdf --outfile=Figs/QT3-eps-converted-to.pdf Figs/QT3.eps>
(epstopdf)             \includegraphics on input line 1424.
Package epstopdf Info: Output file is already uptodate.
<Figs/QT3-eps-converted-to.pdf, id=154, 1119.18124pt x 665.48625pt>
File: Figs/QT3-eps-converted-to.pdf Graphic file (type pdf)
 <use Figs/QT3-eps-converted-to.pdf>
Package pdftex.def Info: Figs/QT3-eps-converted-to.pdf used on input line 1424.
(pdftex.def)             Requested size: 375.80544pt x 223.45969pt.
 [29] [30 <./Figs/QT3-eps-converted-to.pdf>] [31]
Underfull \hbox (badness 10000) in paragraph at lines 1511--1513

 []


Underfull \hbox (badness 10000) in paragraph at lines 1515--1516

 []


Underfull \hbox (badness 10000) in paragraph at lines 1521--1526

 []

[32]
Underfull \hbox (badness 10000) in paragraph at lines 1547--1549

 []


Underfull \hbox (badness 10000) in paragraph at lines 1556--1558

 []


Underfull \hbox (badness 10000) in paragraph at lines 1572--1574

 []


Underfull \hbox (badness 10000) in paragraph at lines 1583--1588

 []

[33]
Underfull \hbox (badness 10000) in paragraph at lines 1625--1627

 []

[34]
Underfull \hbox (badness 10000) in paragraph at lines 1634--1639

 []


Underfull \hbox (badness 10000) in paragraph at lines 1655--1658

 []


Underfull \hbox (badness 10000) in paragraph at lines 1669--1672

 []


Underfull \hbox (badness 10000) in paragraph at lines 1680--1682

 []

[35]
Underfull \hbox (badness 10000) in paragraph at lines 1707--1710

 []


Underfull \hbox (badness 10000) in paragraph at lines 1730--1732

 []

[36]
Underfull \hbox (badness 10000) in paragraph at lines 1737--1745

 []


Underfull \hbox (badness 10000) in paragraph at lines 1753--1765

 []


Underfull \hbox (badness 10000) in paragraph at lines 1766--1767

 []


Underfull \hbox (badness 10000) in paragraph at lines 1772--1775

 []


Underfull \hbox (badness 10000) in paragraph at lines 1783--1786

 []

[37]
Underfull \hbox (badness 10000) in paragraph at lines 1799--1800

 []


Underfull \hbox (badness 10000) in paragraph at lines 1811--1814

 []


Underfull \hbox (badness 10000) in paragraph at lines 1818--1822

 []

Package epstopdf Info: Source file: <Figs/simple_diploid_trajs.eps>
(epstopdf)                    date: 2015-06-12 01:31:02
(epstopdf)                    size: 68951 bytes
(epstopdf)             Output file: <Figs/simple_diploid_trajs-eps-converted-to.pdf>
(epstopdf)                    date: 2015-06-12 01:31:02
(epstopdf)                    size: 27465 bytes
(epstopdf)             Command: <epstopdf --outfile=Figs/simple_diploid_trajs-eps-converted-to.pdf Figs/simple_diploid_trajs.eps>
(epstopdf)             \includegraphics on input line 1825.
Package epstopdf Info: Output file is already uptodate.
<Figs/simple_diploid_trajs-eps-converted-to.pdf, id=198, 506.89375pt x 444.66125pt>
File: Figs/simple_diploid_trajs-eps-converted-to.pdf Graphic file (type pdf)
 <use Figs/simple_diploid_trajs-eps-converted-to.pdf>
Package pdftex.def Info: Figs/simple_diploid_trajs-eps-converted-to.pdf used on input line 1825.
(pdftex.def)             Requested size: 234.8775pt x 206.03934pt.

Underfull \hbox (badness 10000) in paragraph at lines 1833--1834

 []

[38]
Underfull \hbox (badness 10000) in paragraph at lines 1836--1838

 []


Underfull \hbox (badness 10000) in paragraph at lines 1847--1852

 []


Underfull \hbox (badness 10000) in paragraph at lines 1853--1861

 []

[39 <./Figs/simple_diploid_trajs-eps-converted-to.pdf>]
Underfull \hbox (badness 10000) in paragraph at lines 1868--1870

 []


Underfull \hbox (badness 10000) in paragraph at lines 1871--1874

 []


Underfull \hbox (badness 10000) in paragraph at lines 1883--1889

 []


Underfull \hbox (badness 10000) in paragraph at lines 1890--1896

 []


Underfull \hbox (badness 10000) in paragraph at lines 1898--1906

 []

[40]
Underfull \hbox (badness 10000) in paragraph at lines 1926--1928

 []


Underfull \hbox (badness 10000) in paragraph at lines 1933--1943

 []


Underfull \hbox (badness 10000) in paragraph at lines 1955--1965

 []

[41] [42]
Underfull \hbox (badness 10000) in paragraph at lines 2021--2021

 []


Underfull \hbox (badness 10000) in paragraph at lines 2021--2022

 []


Underfull \hbox (badness 10000) in paragraph at lines 2052--2052

 []

[43] [44]
Underfull \hbox (badness 10000) in paragraph at lines 2080--2087

 []


Underfull \hbox (badness 10000) in paragraph at lines 2099--2102

 []


Underfull \hbox (badness 10000) in paragraph at lines 2117--2121

 []


Underfull \hbox (badness 10000) in paragraph at lines 2124--2131

 []

[45]
Overfull \hbox (7.63913pt too wide) in paragraph at lines 2153--2159
$\OML/cmm/m/it/12 g\OT1/cmr/m/n/12 ( [])$ has a mean of zero so $[][] ^^A\OML/cmm/m/it/12 xg\OT1/cmr/m/n/12 (^^A\OML/cmm/m/it/12 x\OT1/cmr/m/n/12 )\OML/cmm/m/it/12 d\OT1/cmr/m/n/12 ^^A\OML/cmm/m/it/12 x \OT1/cmr/m/n/12 = 0$ and has vari-ance $\OML/cmm/m/it/12 ^^[[]$ \OT1/cmr/m/n/12 so $[][](^^A\OML/cmm/m/it/12 x\OT1/cmr/m/n/12 )[]\OML/cmm/m/it/12 g\OT1/cmr/m/n/12 (^^A\OML/cmm/m/it/12 x\OT1/cmr/m/n/12 )\OML/cmm/m/it/12 d\OT1/cmr/m/n/12 ^^A\OML/cmm/m/it/12 x \OT1/cmr/m/n/12 =
 []


Underfull \hbox (badness 10000) in paragraph at lines 2161--2168

 []

Package epstopdf Info: Source file: <Figs/equilib_cline.eps>
(epstopdf)                    date: 2015-06-12 01:31:01
(epstopdf)                    size: 12193 bytes
(epstopdf)             Output file: <Figs/equilib_cline-eps-converted-to.pdf>
(epstopdf)                    date: 2015-06-12 01:31:01
(epstopdf)                    size: 12883 bytes
(epstopdf)             Command: <epstopdf --outfile=Figs/equilib_cline-eps-converted-to.pdf Figs/equilib_cline.eps>
(epstopdf)             \includegraphics on input line 2191.
Package epstopdf Info: Output file is already uptodate.
<Figs/equilib_cline-eps-converted-to.pdf, id=231, 505.89pt x 505.89pt>
File: Figs/equilib_cline-eps-converted-to.pdf Graphic file (type pdf)
 <use Figs/equilib_cline-eps-converted-to.pdf>
Package pdftex.def Info: Figs/equilib_cline-eps-converted-to.pdf used on input line 2191.
(pdftex.def)             Requested size: 234.8775pt x 234.88132pt.

Underfull \hbox (badness 10000) in paragraph at lines 2200--2211

 []

[46]
Overfull \hbox (4.95421pt too wide) in paragraph at lines 2230--2240
\OT1/cmr/m/n/12 We then could solve this dif-fer-en-tial equa-tion with ap-pro-pri-ate bound-ary con-di-tions ($\OML/cmm/m/it/12 q\OT1/cmr/m/n/12 (\OMS/cmsy/m/n/12 ^^@1\OT1/cmr/m/n/12 ) =
 []


Underfull \hbox (badness 10000) in paragraph at lines 2230--2240

 []


Underfull \hbox (badness 10000) in paragraph at lines 2241--2247

 []

[47 <./Figs/equilib_cline-eps-converted-to.pdf>] [48]
Underfull \hbox (badness 10000) in paragraph at lines 2252--2262

 []

[49]
Underfull \hbox (badness 10000) in paragraph at lines 2324--2328

 []


Underfull \hbox (badness 10000) in paragraph at lines 2336--2338

 []


Underfull \hbox (badness 10000) in paragraph at lines 2341--2346

 []


Underfull \hbox (badness 10000) in paragraph at lines 2347--2351

 []

[50]
Underfull \hbox (badness 10000) in paragraph at lines 2378--2390

 []


Underfull \hbox (badness 10000) in paragraph at lines 2404--2409

 []


Underfull \hbox (badness 10000) in paragraph at lines 2413--2418

 []

[51]
Underfull \hbox (badness 10000) in paragraph at lines 2428--2431

 []


Underfull \hbox (badness 10000) in paragraph at lines 2443--2446

 []


Underfull \hbox (badness 10000) in paragraph at lines 2452--2454

 []

[52]
Underfull \hbox (badness 10000) in paragraph at lines 2482--2488

 []


Underfull \hbox (badness 10000) in paragraph at lines 2497--2509

 []


Underfull \hbox (badness 10000) in paragraph at lines 2519--2524

 []


Underfull \hbox (badness 10000) in paragraph at lines 2525--2532

 []

[53]
Underfull \hbox (badness 10000) in paragraph at lines 2539--2543

 []


Underfull \hbox (badness 10000) in paragraph at lines 2547--2554

 []


Underfull \hbox (badness 10000) in paragraph at lines 2555--2565

 []


Underfull \hbox (badness 10000) in paragraph at lines 2571--2578

 []

[54]
Underfull \hbox (badness 10000) in paragraph at lines 2587--2592

 []

<Figs/Coalescent.png, id=270, 803.0pt x 401.5pt>
File: Figs/Coalescent.png Graphic file (type png)
 <use Figs/Coalescent.png>
Package pdftex.def Info: Figs/Coalescent.png used on input line 2596.
(pdftex.def)             Requested size: 469.75502pt x 234.88573pt.


Package amsmath Warning: Foreign command \atopwithdelims;
(amsmath)                \frac or \genfrac should be used instead
(amsmath)                 on input line 2614.

[55 <./Figs/Coalescent.png>]
Underfull \hbox (badness 10000) in paragraph at lines 2623--2625

 []


Underfull \hbox (badness 10000) in paragraph at lines 2631--2638

 []


Underfull \hbox (badness 10000) in paragraph at lines 2661--2667

 []


Underfull \hbox (badness 10000) in paragraph at lines 2675--2679

 []

<Figs/Coalescent_3.pdf, id=276, 797.98125pt x 475.7775pt>
File: Figs/Coalescent_3.pdf Graphic file (type pdf)
 <use Figs/Coalescent_3.pdf>
Package pdftex.def Info: Figs/Coalescent_3.pdf used on input line 2683.
(pdftex.def)             Requested size: 469.75502pt x 280.08194pt.
 [56] [57 <./Figs/Coalescent_3.pdf>]
Underfull \hbox (badness 10000) in paragraph at lines 2701--2704

 []


Underfull \hbox (badness 10000) in paragraph at lines 2721--2728

 []


Underfull \hbox (badness 10000) in paragraph at lines 2729--2737

 []


Underfull \hbox (badness 10000) in paragraph at lines 2752--2754

 []

[58]
Underfull \hbox (badness 10000) in paragraph at lines 2770--2777

 []


Underfull \hbox (badness 10000) in paragraph at lines 2778--2791

 []

[59]
Underfull \hbox (badness 10000) in paragraph at lines 2813--2820

 []


Underfull \hbox (badness 10000) in paragraph at lines 2848--2858

 []


Underfull \hbox (badness 10000) in paragraph at lines 2859--2862

 []

[60] [61]
Underfull \hbox (badness 10000) in paragraph at lines 2882--2887

 []


Underfull \hbox (badness 10000) in paragraph at lines 2888--2900

 []


Underfull \hbox (badness 10000) in paragraph at lines 2901--2909

 []


Underfull \hbox (badness 10000) in paragraph at lines 2938--2943

 []

[62]
Underfull \hbox (badness 10000) in paragraph at lines 2957--2960

 []


Underfull \hbox (badness 10000) in paragraph at lines 2961--2970

 []


Underfull \hbox (badness 10000) in paragraph at lines 2971--2979

 []

Package epstopdf Info: Source file: <Figs/hitchhiking_reduction.eps>
(epstopdf)                    date: 2015-06-12 01:31:02
(epstopdf)                    size: 50172 bytes
(epstopdf)             Output file: <Figs/hitchhiking_reduction-eps-converted-to.pdf>
(epstopdf)                    date: 2015-06-12 01:31:02
(epstopdf)                    size: 25436 bytes
(epstopdf)             Command: <epstopdf --outfile=Figs/hitchhiking_reduction-eps-converted-to.pdf Figs/hitchhiking_reduction.eps>
(epstopdf)             \includegraphics on input line 2983.
Package epstopdf Info: Output file is already uptodate.
<Figs/hitchhiking_reduction-eps-converted-to.pdf, id=305, 678.535pt x 465.74pt>
File: Figs/hitchhiking_reduction-eps-converted-to.pdf Graphic file (type pdf)
 <use Figs/hitchhiking_reduction-eps-converted-to.pdf>
Package pdftex.def Info: Figs/hitchhiking_reduction-eps-converted-to.pdf used on input line 2983.
(pdftex.def)             Requested size: 234.8775pt x 161.21347pt.

Underfull \hbox (badness 10000) in paragraph at lines 2992--2998

 []

[63] [64 <./Figs/hitchhiking_reduction-eps-converted-to.pdf>]
Package epstopdf Info: Source file: <Figs/Genomewide_HH.eps>
(epstopdf)                    date: 2015-06-12 01:31:01
(epstopdf)                    size: 17473 bytes
(epstopdf)             Output file: <Figs/Genomewide_HH-eps-converted-to.pdf>
(epstopdf)                    date: 2015-06-12 01:31:01
(epstopdf)                    size: 31515 bytes
(epstopdf)             Command: <epstopdf --outfile=Figs/Genomewide_HH-eps-converted-to.pdf Figs/Genomewide_HH.eps>
(epstopdf)             \includegraphics on input line 3046.
Package epstopdf Info: Output file is already uptodate.
 <Figs/Genomewide_HH-eps-converted-to.pdf, id=324, 562.1pt x 437.635pt>
File: Figs/Genomewide_HH-eps-converted-to.pdf Graphic file (type pdf)
 <use Figs/Genomewide_HH-eps-converted-to.pdf>
Package pdftex.def Info: Figs/Genomewide_HH-eps-converted-to.pdf used on input line 3046.
(pdftex.def)             Requested size: 234.8775pt x 182.86388pt.
 [65 <./Figs/Genomewide_HH-eps-converted-to.pdf>] (./TSWLatexianTemp_000066.aux) ) 
Here is how much of TeX's memory you used:
 3186 strings out of 493117
 43483 string characters out of 6135433
 108761 words of memory out of 5000000
 6571 multiletter control sequences out of 15000+600000
 15362 words of font info for 60 fonts, out of 8000000 for 9000
 1141 hyphenation exceptions out of 8191
 38i,11n,32p,810b,279s stack positions out of 5000i,500n,10000p,200000b,80000s
</usr/local/texlive/2014/texmf-dist/fonts/type1/public/amsfonts/cm/cmbx12.pfb></usr/local/texlive/2014/texmf-dist/fonts/type1/public/amsfonts/cm/cmbx8.pfb></usr/local/texlive/2014/texmf-dist/fonts/type1/public/amsfonts/cm/cmex10.pfb></usr/local/texlive/2014/texmf-dist/fonts/type1/public/amsfonts/cm/cmmi12.pfb></usr/local/texlive/2014/texmf-dist/fonts/type1/public/amsfonts/cm/cmmi6.pfb></usr/local/texlive/2014/texmf-dist/fonts/type1/public/amsfonts/cm/cmmi8.pfb></usr/local/texlive/2014/texmf-dist/fonts/type1/public/amsfonts/cm/cmr10.pfb></usr/local/texlive/2014/texmf-dist/fonts/type1/public/amsfonts/cm/cmr12.pfb></usr/local/texlive/2014/texmf-dist/fonts/type1/public/amsfonts/cm/cmr17.pfb></usr/local/texlive/2014/texmf-dist/fonts/type1/public/amsfonts/cm/cmr6.pfb></usr/local/texlive/2014/texmf-dist/fonts/type1/public/amsfonts/cm/cmr8.pfb></usr/local/texlive/2014/texmf-dist/fonts/type1/public/amsfonts/cm/cmsy10.pfb></usr/local/texlive/2014/texmf-dist/fonts/type1/public/amsfonts/cm/cmsy6.pfb></usr/local/texlive/2014/texmf-dist/fonts/type1/public/amsfonts/cm/cmsy8.pfb></usr/local/texlive/2014/texmf-dist/fonts/type1/public/amsfonts/cm/cmti12.pfb></usr/local/texlive/2014/texmf-dist/fonts/type1/public/amsfonts/cm/cmtt10.pfb></usr/local/texlive/2014/texmf-dist/fonts/type1/public/amsfonts/cm/cmtt12.pfb></usr/local/texlive/2014/texmf-dist/fonts/type1/public/amsfonts/symbols/msbm10.pfb>
Output written on TSWLatexianTemp_000066.pdf (66 pages, 3347141 bytes).
PDF statistics:
 396 PDF objects out of 1000 (max. 8388607)
 270 compressed objects within 3 object streams
 0 named destinations out of 1000 (max. 500000)
 56 words of extra memory for PDF output out of 10000 (max. 10000000)

